23:50:44.98 [Worker-32] INFO  o.a.AndroidAnnotationProcessor:84 - Initialize AndroidAnnotations 3.1 with options {phase=BUILD}
23:50:44.100 [Worker-32] INFO  o.a.AndroidAnnotationProcessor:108 - Start processing for 5 annotations on 45 elements
23:50:44.119 [Worker-32] DEBUG o.a.h.AndroidManifestFinder:137 - AndroidManifest.xml file found in parent folder E:\gitHome\androidBaseLib\Promise: E:\gitHome\androidBaseLib\Promise\AndroidManifest.xml
23:50:44.121 [Worker-32] INFO  o.a.AndroidAnnotationProcessor:171 - AndroidManifest.xml found: AndroidManifest [applicationPackage=com.drjane.promise, componentQualifiedNames=[com.drjane.promise.ui.activity.MainCalendarActivity, com.drjane.promise.ui.activity.SettingActivity], permissionQualifiedNames=[android.permission.RECEIVE_USER_PRESENT, android.permission.READ_EXTERNAL_STORAGE, android.permission.MOUNT_UNMOUNT_FILESYSTEMS, android.permission.ACCESS_NETWORK_STATE, android.permission.SYSTEM_ALERT_WINDOW, android.permission.INTERNET, android.permission.ACCESS_COARSE_LOCATION, android.permission.ACCESS_WIFI_STATE, android.permission.CHANGE_WIFI_STATE, android.permission.ACCESS_FINE_LOCATION, android.permission.ACCESS_LOCATION_EXTRA_COMMANDS, android.permission.CHANGE_NETWORK_STATE, android.permission.BAIDU_LOCATION_SERVICE, android.permission.ACCES_MOCK_LOCATION, com.android.launcher.permission.READ_SETTINGS, android.permission.WAKE_LOCK, android.permission.ACCESS_GPS, android.permission.READ_PHONE_STATE, android.permission.GET_ACCOUNTS, android.permission.USE_CREDENTIALS, android.permission.MANAGE_ACCOUNTS, android.permission.AUTHENTICATE_ACCOUNTS, android.permission.GET_TASKS, android.permission.WRITE_EXTERNAL_STORAGE, android.permission.RECEIVE_BOOT_COMPLETED, android.permission.BROADCAST_STICKY, android.permission.WRITE_SETTINGS, android.permission.READ_LOGS, android.permission.VIBRATE, android.permission.RECORD_AUDIO, android.permission.RECEIVE_SMS], applicationClassName=com.drjane.promise.app.AppContext, libraryProject=false, debugabble=false, minSdkVersion=9, maxSdkVersion=-1, targetSdkVersion=21]
23:50:44.122 [Worker-32] INFO  o.a.r.ProjectRClassFinder:50 - Found project R class: com.drjane.promise.R
23:50:44.131 [Worker-32] INFO  o.a.r.AndroidRClassFinder:44 - Found Android class: android.R
23:50:44.135 [Worker-32] INFO  o.a.p.ModelValidator:42 - Validating elements
23:50:44.136 [Worker-32] DEBUG o.a.p.ModelValidator:62 - Validating with EFragmentHandler: [com.drjane.promise.ui.fragment.CalendarFragment, com.drjane.promise.ui.fragment.OrderListFragment, com.drjane.promise.ui.fragment.OrderDetailFragment, com.drjane.promise.ui.fragment.DatePickerFragment, com.drjane.promise.ui.fragment.CreateOrderFragment]
23:50:44.137 [Worker-32] DEBUG o.a.p.ModelValidator:62 - Validating with ViewByIdHandler: [mMMIdEditText, mMMId, mOrderPackegeTv, mLocationTv, mPhoneEditText, mPhoneTv, mCustomerNameEditText, mRemarksTv, mOrderPackegeEditText, mDateTv, mShootingDatTv, mListView, mRemarksEditText, mNameTv]
23:50:44.139 [Worker-32] DEBUG o.a.p.ModelValidator:62 - Validating with ClickHandler: [void selectDate() , void selectRemindType() ]
23:50:44.140 [Worker-32] DEBUG o.a.p.ModelValidator:62 - Validating with FragmentArgHandler: [mOrder]
23:50:44.141 [Worker-32] DEBUG o.a.p.ModelValidator:62 - Validating with AfterViewsHandler: [void afterViewInit() , public void initView() , public void init() ]
23:50:44.142 [Worker-32] INFO  o.a.p.ModelProcessor:69 - Processing root elements
23:50:44.143 [Worker-32] DEBUG o.a.p.ModelProcessor:160 - Processing root elements EFragmentHandler: [com.drjane.promise.ui.fragment.CalendarFragment, com.drjane.promise.ui.fragment.OrderListFragment, com.drjane.promise.ui.fragment.OrderDetailFragment, com.drjane.promise.ui.fragment.DatePickerFragment, com.drjane.promise.ui.fragment.CreateOrderFragment]
23:50:44.144 [Worker-32] INFO  o.a.p.ModelProcessor:77 - Processing enclosed elements
23:50:44.146 [Worker-32] INFO  o.a.AndroidAnnotationProcessor:250 - Number of files generated by AndroidAnnotations: 5
23:50:44.147 [Worker-32] INFO  o.a.g.ApiCodeGenerator:52 - Writting following API classes in project: []
23:50:44.148 [Worker-32] DEBUG o.a.g.SourceCodewriter:55 - Generating class: com.drjane.promise.ui.fragment.CalendarFragment_
23:50:44.151 [Worker-32] DEBUG o.a.g.SourceCodewriter:55 - Generating class: com.drjane.promise.ui.fragment.CreateOrderFragment_
23:50:44.155 [Worker-32] DEBUG o.a.g.SourceCodewriter:55 - Generating class: com.drjane.promise.ui.fragment.DatePickerFragment_
23:50:44.158 [Worker-32] DEBUG o.a.g.SourceCodewriter:55 - Generating class: com.drjane.promise.ui.fragment.OrderDetailFragment_
23:50:44.161 [Worker-32] DEBUG o.a.g.SourceCodewriter:55 - Generating class: com.drjane.promise.ui.fragment.OrderListFragment_
23:50:44.165 [Worker-32] INFO  o.a.p.TimeStats:81 - Time measurements: [Whole Processing = 65 ms], [Generate Sources = 19 ms], [Extract Annotations = 18 ms], [Find R Classes = 13 ms], [Validate Annotations = 7 ms], [Process Annotations = 4 ms], [Extract Manifest = 2 ms], 
23:50:44.166 [Worker-32] INFO  o.a.AndroidAnnotationProcessor:122 - Finish processing
23:51:42.823 [Worker-42] INFO  o.a.AndroidAnnotationProcessor:84 - Initialize AndroidAnnotations 3.1 with options {phase=BUILD}
23:51:42.825 [Worker-42] INFO  o.a.AndroidAnnotationProcessor:108 - Start processing for 4 annotations on 10 elements
23:51:42.832 [Worker-42] DEBUG o.a.h.AndroidManifestFinder:137 - AndroidManifest.xml file found in parent folder E:\gitHome\androidBaseLib\Promise: E:\gitHome\androidBaseLib\Promise\AndroidManifest.xml
23:51:42.835 [Worker-42] INFO  o.a.AndroidAnnotationProcessor:171 - AndroidManifest.xml found: AndroidManifest [applicationPackage=com.drjane.promise, componentQualifiedNames=[com.drjane.promise.ui.activity.MainCalendarActivity, com.drjane.promise.ui.activity.SettingActivity], permissionQualifiedNames=[android.permission.RECEIVE_USER_PRESENT, android.permission.READ_EXTERNAL_STORAGE, android.permission.MOUNT_UNMOUNT_FILESYSTEMS, android.permission.ACCESS_NETWORK_STATE, android.permission.SYSTEM_ALERT_WINDOW, android.permission.INTERNET, android.permission.ACCESS_COARSE_LOCATION, android.permission.ACCESS_WIFI_STATE, android.permission.CHANGE_WIFI_STATE, android.permission.ACCESS_FINE_LOCATION, android.permission.ACCESS_LOCATION_EXTRA_COMMANDS, android.permission.CHANGE_NETWORK_STATE, android.permission.BAIDU_LOCATION_SERVICE, android.permission.ACCES_MOCK_LOCATION, com.android.launcher.permission.READ_SETTINGS, android.permission.WAKE_LOCK, android.permission.ACCESS_GPS, android.permission.READ_PHONE_STATE, android.permission.GET_ACCOUNTS, android.permission.USE_CREDENTIALS, android.permission.MANAGE_ACCOUNTS, android.permission.AUTHENTICATE_ACCOUNTS, android.permission.GET_TASKS, android.permission.WRITE_EXTERNAL_STORAGE, android.permission.RECEIVE_BOOT_COMPLETED, android.permission.BROADCAST_STICKY, android.permission.WRITE_SETTINGS, android.permission.READ_LOGS, android.permission.VIBRATE, android.permission.RECORD_AUDIO, android.permission.RECEIVE_SMS], applicationClassName=com.drjane.promise.app.AppContext, libraryProject=false, debugabble=false, minSdkVersion=9, maxSdkVersion=-1, targetSdkVersion=21]
23:51:42.836 [Worker-42] INFO  o.a.r.ProjectRClassFinder:50 - Found project R class: com.drjane.promise.R
23:51:42.845 [Worker-42] INFO  o.a.r.AndroidRClassFinder:44 - Found Android class: android.R
23:51:42.849 [Worker-42] INFO  o.a.p.ModelValidator:42 - Validating elements
23:51:42.850 [Worker-42] DEBUG o.a.p.ModelValidator:62 - Validating with EFragmentHandler: [com.drjane.promise.ui.fragment.OrderListFragment, com.drjane.promise.ui.fragment.DatePickerFragment, com.drjane.promise.ui.fragment.CreateOrderFragment]
23:51:42.852 [Worker-42] DEBUG o.a.p.ModelValidator:62 - Validating with ViewByIdHandler: [mPhoneEditText, mListView, mOrderPackegeEditText, mShootingDatTv, mRemarksEditText, mMMIdEditText, mCustomerNameEditText]
23:51:42.855 [Worker-42] DEBUG o.a.p.ModelValidator:62 - Validating with ClickHandler: [void selectDate() , void selectRemindType() ]
23:51:42.856 [Worker-42] DEBUG o.a.p.ModelValidator:62 - Validating with AfterViewsHandler: [public void initView() , void afterViewInit() ]
23:51:42.857 [Worker-42] INFO  o.a.p.ModelProcessor:69 - Processing root elements
23:51:42.858 [Worker-42] DEBUG o.a.p.ModelProcessor:160 - Processing root elements EFragmentHandler: [com.drjane.promise.ui.fragment.OrderListFragment, com.drjane.promise.ui.fragment.DatePickerFragment, com.drjane.promise.ui.fragment.CreateOrderFragment]
23:51:42.859 [Worker-42] INFO  o.a.p.ModelProcessor:77 - Processing enclosed elements
23:51:42.861 [Worker-42] INFO  o.a.AndroidAnnotationProcessor:250 - Number of files generated by AndroidAnnotations: 3
23:51:42.862 [Worker-42] INFO  o.a.g.ApiCodeGenerator:52 - Writting following API classes in project: []
23:51:42.862 [Worker-42] DEBUG o.a.g.SourceCodewriter:55 - Generating class: com.drjane.promise.ui.fragment.CreateOrderFragment_
23:51:42.872 [Worker-42] DEBUG o.a.g.SourceCodewriter:55 - Generating class: com.drjane.promise.ui.fragment.DatePickerFragment_
23:51:42.874 [Worker-42] DEBUG o.a.g.SourceCodewriter:55 - Generating class: com.drjane.promise.ui.fragment.OrderListFragment_
23:51:42.876 [Worker-42] INFO  o.a.p.TimeStats:81 - Time measurements: [Whole Processing = 51 ms], [Generate Sources = 15 ms], [Find R Classes = 13 ms], [Validate Annotations = 8 ms], [Extract Annotations = 6 ms], [Process Annotations = 4 ms], [Extract Manifest = 3 ms], 
23:51:42.877 [Worker-42] INFO  o.a.AndroidAnnotationProcessor:122 - Finish processing
